2021-07-18T06:22:44+00:00 CRITICAL Uncaught ArgumentCountError: 3 arguments are required, 2 given in C:\xampp\htdocs\wp-admin\includes\class-bulk-upgrader-skin.php:152
Stack trace:
#0 C:\xampp\htdocs\wp-admin\includes\class-bulk-upgrader-skin.php(152): sprintf('%1$s installed ...', 'Elementor')
#1 C:\xampp\htdocs\wp-content\themes\ekommart\inc\class-tgm-plugin-activation.php(3638): Bulk_Upgrader_Skin->after('Elementor')
#2 C:\xampp\htdocs\wp-admin\includes\class-wp-upgrader.php(823): TGMPA_Bulk_Installer_Skin->after()
#3 C:\xampp\htdocs\wp-content\themes\ekommart\inc\class-tgm-plugin-activation.php(3258): WP_Upgrader->run(Array)
#4 C:\xampp\htdocs\wp-content\themes\ekommart\inc\class-tgm-plugin-activation.php(3371): TGMPA_Bulk_Installer->run(Array)
#5 C:\xampp\htdocs\wp-content\themes\ekommart\inc\class-tgm-plugin-activation.php(2977): TGMPA_Bulk_Installer->bulk_install(Array)
#6 C:\xampp\htdocs\wp-content\themes\ekommart\inc\class-tgm-plugin-activation.php(743): TGMPA_List_Table->process_bulk_actions()
#7 C:\xampp\htdocs\wp-includes\class-wp-hook.php(292): TGM_Plugin_Activation->install_plugins_page('')
#8 C:\xampp\htdocs\wp-includes\class-wp-hook.php(316): WP_Hook->apply_filters('', Array)
#9 C:\xampp\htdocs\wp-includes\plugin.php(484): WP_Hook->do_action(Array)
#10 C:\xampp\htdocs\wp-admin\admin.php(259): do_action('appearance_page...')
#11 C:\xampp\htdocs\wp-admin\themes.php(10): require_once('C:\\xampp\\htdocs...')
#12 {main}
  thrown in C:\xampp\htdocs\wp-admin\includes\class-bulk-upgrader-skin.php on line 152

2021-07-18T06:23:26+00:00 CRITICAL Uncaught TypeError: method_exists(): Argument #1 ($object_or_class) must be of type object|string, bool given in C:\xampp\htdocs\wp-content\plugins\woocommerce\packages\woocommerce-admin\src\PageController.php:359
Stack trace:
#0 C:\xampp\htdocs\wp-content\plugins\woocommerce\packages\woocommerce-admin\src\PageController.php(359): method_exists(false, 'is_block_editor')
#1 C:\xampp\htdocs\wp-content\plugins\woocommerce\packages\woocommerce-admin\includes\page-controller-functions.php(40): Automattic\WooCommerce\Admin\PageController->is_connected_page()
#2 C:\xampp\htdocs\wp-content\plugins\woocommerce\packages\woocommerce-admin\src\Loader.php(825): wc_admin_is_connected_page()
#3 C:\xampp\htdocs\wp-content\plugins\woocommerce\packages\woocommerce-admin\src\Loader.php(808): Automattic\WooCommerce\Admin\Loader::is_embed_page()
#4 C:\xampp\htdocs\wp-content\plugins\woocommerce\packages\woocommerce-admin\src\Loader.php(923): Automattic\WooCommerce\Admin\Loader::is_admin_or_embed_page()
#5 C:\xampp\htdocs\wp-includes\class-wp-hook.php(292): Automattic\WooCommerce\Admin\Loader::remove_notices('')
#6 C:\xampp\htdocs\wp-includes\class-wp-hook.php(316): WP_Hook->apply_filters('', Array)
#7 C:\xampp\htdocs\wp-includes\plugin.php(484): WP_Hook->do_action(Array)
#8 C:\xampp\htdocs\wp-content\themes\ekommart\inc\merlin\class-merlin.php(549): do_action('admin_head')
#9 C:\xampp\htdocs\wp-content\themes\ekommart\inc\merlin\class-merlin.php(492): Merlin->header()
#10 C:\xampp\htdocs\wp-includes\class-wp-hook.php(290): Merlin->admin_page()
#11 C:\xampp\htdocs\wp-includes\class-wp-hook.php(316): WP_Hook->apply_filters(NULL, Array)
#12 C:\xampp\htdocs\wp-includes\plugin.php(484): WP_Hook->do_action(Array)
#13 C:\xampp\htdocs\wp-admin\admin.php(175): do_action('admin_init')
#14 C:\xampp\htdocs\wp-admin\themes.php(10): require_once('C:\\xampp\\htdocs...')
#15 {main}
  thrown in C:\xampp\htdocs\wp-content\plugins\woocommerce\packages\woocommerce-admin\src\PageController.php on line 359

