2021-08-13T07:54:03+00:00 CRITICAL Uncaught TypeError: Cannot access offset of type string on string in C:\xampp\htdocs\wp-content\plugins\language-switcher\includes\class-language-switcher.php:386
Stack trace:
#0 C:\xampp\htdocs\wp-content\plugins\language-switcher\includes\class-language-switcher.php(900): Language_Switcher->get_post_language('94')
#1 C:\xampp\htdocs\wp-includes\class-wp-hook.php(305): Language_Switcher->filter_language_menus(Array, Object(WP_Term))
#2 C:\xampp\htdocs\wp-includes\plugin.php(189): WP_Hook->apply_filters(Array, Array)
#3 C:\xampp\htdocs\wp-includes\nav-menu.php(785): apply_filters('wp_get_nav_menu...', Array, Object(WP_Term), Array)
#4 C:\xampp\htdocs\wp-includes\nav-menu-template.php(151): wp_get_nav_menu_items(Object(WP_Term), Array)
#5 C:\xampp\htdocs\wp-includes\widgets\class-wp-nav-menu-widget.php(109): wp_nav_menu(Object(stdClass))
#6 C:\xampp\htdocs\wp-includes\class-wp-widget.php(393): WP_Nav_Menu_Widget->widget(Array, Array)
#7 C:\xampp\htdocs\wp-includes\widgets.php(831): WP_Widget->display_callback(Array, Array)
#8 C:\xampp\htdocs\wp-content\themes\flatsome\template-parts\footer\footer.php(7): dynamic_sidebar('sidebar-footer-...')
#9 C:\xampp\htdocs\wp-includes\template.php(772): require('C:\\xampp\\htdocs...')
#10 C:\xampp\htdocs\wp-includes\template.php(716): load_template('C:\\xampp\\htdocs...', false, Array)
#11 C:\xampp\htdocs\wp-includes\general-template.php(204): locate_template(Array, true, false, Array)
#12 C:\xampp\htdocs\wp-content\themes\flatsome\inc\structure\structure-footer.php(63): get_template_part('template-parts/...')
#13 C:\xampp\htdocs\wp-includes\class-wp-hook.php(303): flatsome_page_footer('')
#14 C:\xampp\htdocs\wp-includes\class-wp-hook.php(327): WP_Hook->apply_filters('', Array)
#15 C:\xampp\htdocs\wp-includes\plugin.php(470): WP_Hook->do_action(Array)
#16 C:\xampp\htdocs\wp-content\themes\flatsome\footer.php(15): do_action('flatsome_footer')
#17 C:\xampp\htdocs\wp-includes\template.php(770): require_once('C:\\xampp\\htdocs...')
#18 C:\xampp\htdocs\wp-includes\template.php(716): load_template('C:\\xampp\\htdocs...', true, Array)
#19 C:\xampp\htdocs\wp-includes\general-template.php(92): locate_template(Array, true, true, Array)
#20 C:\xampp\htdocs\wp-content\themes\flatsome\page-blank.php(21): get_footer()
#21 C:\xampp\htdocs\wp-includes\template-loader.php(106): include('C:\\xampp\\htdocs...')
#22 C:\xampp\htdocs\wp-blog-header.php(19): require_once('C:\\xampp\\htdocs...')
#23 C:\xampp\htdocs\index.php(17): require('C:\\xampp\\htdocs...')
#24 {main}
  thrown in C:\xampp\htdocs\wp-content\plugins\language-switcher\includes\class-language-switcher.php on line 386

2021-08-13T07:54:11+00:00 CRITICAL Uncaught TypeError: Cannot access offset of type string on string in C:\xampp\htdocs\wp-content\plugins\language-switcher\includes\class-language-switcher.php:386
Stack trace:
#0 C:\xampp\htdocs\wp-content\plugins\language-switcher\includes\class-language-switcher.php(900): Language_Switcher->get_post_language('94')
#1 C:\xampp\htdocs\wp-includes\class-wp-hook.php(305): Language_Switcher->filter_language_menus(Array, Object(WP_Term))
#2 C:\xampp\htdocs\wp-includes\plugin.php(189): WP_Hook->apply_filters(Array, Array)
#3 C:\xampp\htdocs\wp-includes\nav-menu.php(785): apply_filters('wp_get_nav_menu...', Array, Object(WP_Term), Array)
#4 C:\xampp\htdocs\wp-includes\nav-menu-template.php(151): wp_get_nav_menu_items(Object(WP_Term), Array)
#5 C:\xampp\htdocs\wp-includes\widgets\class-wp-nav-menu-widget.php(109): wp_nav_menu(Object(stdClass))
#6 C:\xampp\htdocs\wp-includes\class-wp-widget.php(393): WP_Nav_Menu_Widget->widget(Array, Array)
#7 C:\xampp\htdocs\wp-includes\widgets.php(831): WP_Widget->display_callback(Array, Array)
#8 C:\xampp\htdocs\wp-content\themes\flatsome\template-parts\footer\footer.php(7): dynamic_sidebar('sidebar-footer-...')
#9 C:\xampp\htdocs\wp-includes\template.php(772): require('C:\\xampp\\htdocs...')
#10 C:\xampp\htdocs\wp-includes\template.php(716): load_template('C:\\xampp\\htdocs...', false, Array)
#11 C:\xampp\htdocs\wp-includes\general-template.php(204): locate_template(Array, true, false, Array)
#12 C:\xampp\htdocs\wp-content\themes\flatsome\inc\structure\structure-footer.php(63): get_template_part('template-parts/...')
#13 C:\xampp\htdocs\wp-includes\class-wp-hook.php(303): flatsome_page_footer('')
#14 C:\xampp\htdocs\wp-includes\class-wp-hook.php(327): WP_Hook->apply_filters('', Array)
#15 C:\xampp\htdocs\wp-includes\plugin.php(470): WP_Hook->do_action(Array)
#16 C:\xampp\htdocs\wp-content\themes\flatsome\footer.php(15): do_action('flatsome_footer')
#17 C:\xampp\htdocs\wp-includes\template.php(770): require_once('C:\\xampp\\htdocs...')
#18 C:\xampp\htdocs\wp-includes\template.php(716): load_template('C:\\xampp\\htdocs...', true, Array)
#19 C:\xampp\htdocs\wp-includes\general-template.php(92): locate_template(Array, true, true, Array)
#20 C:\xampp\htdocs\wp-content\themes\flatsome\page-blank.php(21): get_footer()
#21 C:\xampp\htdocs\wp-includes\template-loader.php(106): include('C:\\xampp\\htdocs...')
#22 C:\xampp\htdocs\wp-blog-header.php(19): require_once('C:\\xampp\\htdocs...')
#23 C:\xampp\htdocs\index.php(17): require('C:\\xampp\\htdocs...')
#24 {main}
  thrown in C:\xampp\htdocs\wp-content\plugins\language-switcher\includes\class-language-switcher.php on line 386

2021-08-13T07:54:15+00:00 CRITICAL Uncaught TypeError: Cannot access offset of type string on string in C:\xampp\htdocs\wp-content\plugins\language-switcher\includes\class-language-switcher.php:386
Stack trace:
#0 C:\xampp\htdocs\wp-content\plugins\language-switcher\includes\class-language-switcher.php(900): Language_Switcher->get_post_language('94')
#1 C:\xampp\htdocs\wp-includes\class-wp-hook.php(305): Language_Switcher->filter_language_menus(Array, Object(WP_Term))
#2 C:\xampp\htdocs\wp-includes\plugin.php(189): WP_Hook->apply_filters(Array, Array)
#3 C:\xampp\htdocs\wp-includes\nav-menu.php(785): apply_filters('wp_get_nav_menu...', Array, Object(WP_Term), Array)
#4 C:\xampp\htdocs\wp-includes\nav-menu-template.php(151): wp_get_nav_menu_items(Object(WP_Term), Array)
#5 C:\xampp\htdocs\wp-includes\widgets\class-wp-nav-menu-widget.php(109): wp_nav_menu(Object(stdClass))
#6 C:\xampp\htdocs\wp-includes\class-wp-widget.php(393): WP_Nav_Menu_Widget->widget(Array, Array)
#7 C:\xampp\htdocs\wp-includes\widgets.php(831): WP_Widget->display_callback(Array, Array)
#8 C:\xampp\htdocs\wp-content\themes\flatsome\template-parts\footer\footer.php(7): dynamic_sidebar('sidebar-footer-...')
#9 C:\xampp\htdocs\wp-includes\template.php(772): require('C:\\xampp\\htdocs...')
#10 C:\xampp\htdocs\wp-includes\template.php(716): load_template('C:\\xampp\\htdocs...', false, Array)
#11 C:\xampp\htdocs\wp-includes\general-template.php(204): locate_template(Array, true, false, Array)
#12 C:\xampp\htdocs\wp-content\themes\flatsome\inc\structure\structure-footer.php(78): get_template_part('template-parts/...')
#13 C:\xampp\htdocs\wp-includes\class-wp-hook.php(303): flatsome_page_footer('')
#14 C:\xampp\htdocs\wp-includes\class-wp-hook.php(327): WP_Hook->apply_filters('', Array)
#15 C:\xampp\htdocs\wp-includes\plugin.php(470): WP_Hook->do_action(Array)
#16 C:\xampp\htdocs\wp-content\themes\flatsome\footer.php(15): do_action('flatsome_footer')
#17 C:\xampp\htdocs\wp-includes\template.php(770): require_once('C:\\xampp\\htdocs...')
#18 C:\xampp\htdocs\wp-includes\template.php(716): load_template('C:\\xampp\\htdocs...', true, Array)
#19 C:\xampp\htdocs\wp-includes\general-template.php(92): locate_template(Array, true, true, Array)
#20 C:\xampp\htdocs\wp-content\themes\flatsome\woocommerce\archive-product.php(29): get_footer('shop')
#21 C:\xampp\htdocs\wp-content\plugins\woocommerce\includes\wc-core-functions.php(345): include('C:\\xampp\\htdocs...')
#22 C:\xampp\htdocs\wp-content\plugins\woocommerce\templates\taxonomy-product-cat.php(22): wc_get_template('archive-product...')
#23 C:\xampp\htdocs\wp-includes\template-loader.php(106): include('C:\\xampp\\htdocs...')
#24 C:\xampp\htdocs\wp-blog-header.php(19): require_once('C:\\xampp\\htdocs...')
#25 C:\xampp\htdocs\index.php(17): require('C:\\xampp\\htdocs...')
#26 {main}
  thrown in C:\xampp\htdocs\wp-content\plugins\language-switcher\includes\class-language-switcher.php on line 386

2021-08-13T07:54:20+00:00 CRITICAL Uncaught TypeError: Cannot access offset of type string on string in C:\xampp\htdocs\wp-content\plugins\language-switcher\includes\class-language-switcher.php:386
Stack trace:
#0 C:\xampp\htdocs\wp-content\plugins\language-switcher\includes\class-language-switcher.php(900): Language_Switcher->get_post_language('94')
#1 C:\xampp\htdocs\wp-includes\class-wp-hook.php(305): Language_Switcher->filter_language_menus(Array, Object(WP_Term))
#2 C:\xampp\htdocs\wp-includes\plugin.php(189): WP_Hook->apply_filters(Array, Array)
#3 C:\xampp\htdocs\wp-includes\nav-menu.php(785): apply_filters('wp_get_nav_menu...', Array, Object(WP_Term), Array)
#4 C:\xampp\htdocs\wp-includes\nav-menu-template.php(151): wp_get_nav_menu_items(Object(WP_Term), Array)
#5 C:\xampp\htdocs\wp-includes\widgets\class-wp-nav-menu-widget.php(109): wp_nav_menu(Object(stdClass))
#6 C:\xampp\htdocs\wp-includes\class-wp-widget.php(393): WP_Nav_Menu_Widget->widget(Array, Array)
#7 C:\xampp\htdocs\wp-includes\widgets.php(831): WP_Widget->display_callback(Array, Array)
#8 C:\xampp\htdocs\wp-content\themes\flatsome\template-parts\footer\footer.php(7): dynamic_sidebar('sidebar-footer-...')
#9 C:\xampp\htdocs\wp-includes\template.php(772): require('C:\\xampp\\htdocs...')
#10 C:\xampp\htdocs\wp-includes\template.php(716): load_template('C:\\xampp\\htdocs...', false, Array)
#11 C:\xampp\htdocs\wp-includes\general-template.php(204): locate_template(Array, true, false, Array)
#12 C:\xampp\htdocs\wp-content\themes\flatsome\inc\structure\structure-footer.php(78): get_template_part('template-parts/...')
#13 C:\xampp\htdocs\wp-includes\class-wp-hook.php(303): flatsome_page_footer('')
#14 C:\xampp\htdocs\wp-includes\class-wp-hook.php(327): WP_Hook->apply_filters('', Array)
#15 C:\xampp\htdocs\wp-includes\plugin.php(470): WP_Hook->do_action(Array)
#16 C:\xampp\htdocs\wp-content\themes\flatsome\footer.php(15): do_action('flatsome_footer')
#17 C:\xampp\htdocs\wp-includes\template.php(770): require_once('C:\\xampp\\htdocs...')
#18 C:\xampp\htdocs\wp-includes\template.php(716): load_template('C:\\xampp\\htdocs...', true, Array)
#19 C:\xampp\htdocs\wp-includes\general-template.php(92): locate_template(Array, true, true, Array)
#20 C:\xampp\htdocs\wp-content\themes\flatsome\woocommerce\archive-product.php(29): get_footer('shop')
#21 C:\xampp\htdocs\wp-content\plugins\woocommerce\includes\wc-core-functions.php(345): include('C:\\xampp\\htdocs...')
#22 C:\xampp\htdocs\wp-content\plugins\woocommerce\templates\taxonomy-product-cat.php(22): wc_get_template('archive-product...')
#23 C:\xampp\htdocs\wp-includes\template-loader.php(106): include('C:\\xampp\\htdocs...')
#24 C:\xampp\htdocs\wp-blog-header.php(19): require_once('C:\\xampp\\htdocs...')
#25 C:\xampp\htdocs\index.php(17): require('C:\\xampp\\htdocs...')
#26 {main}
  thrown in C:\xampp\htdocs\wp-content\plugins\language-switcher\includes\class-language-switcher.php on line 386

2021-08-13T07:54:21+00:00 CRITICAL Uncaught TypeError: Cannot access offset of type string on string in C:\xampp\htdocs\wp-content\plugins\language-switcher\includes\class-language-switcher.php:386
Stack trace:
#0 C:\xampp\htdocs\wp-content\plugins\language-switcher\includes\class-language-switcher.php(900): Language_Switcher->get_post_language('94')
#1 C:\xampp\htdocs\wp-includes\class-wp-hook.php(305): Language_Switcher->filter_language_menus(Array, Object(WP_Term))
#2 C:\xampp\htdocs\wp-includes\plugin.php(189): WP_Hook->apply_filters(Array, Array)
#3 C:\xampp\htdocs\wp-includes\nav-menu.php(785): apply_filters('wp_get_nav_menu...', Array, Object(WP_Term), Array)
#4 C:\xampp\htdocs\wp-includes\nav-menu-template.php(151): wp_get_nav_menu_items(Object(WP_Term), Array)
#5 C:\xampp\htdocs\wp-includes\widgets\class-wp-nav-menu-widget.php(109): wp_nav_menu(Object(stdClass))
#6 C:\xampp\htdocs\wp-includes\class-wp-widget.php(393): WP_Nav_Menu_Widget->widget(Array, Array)
#7 C:\xampp\htdocs\wp-includes\widgets.php(831): WP_Widget->display_callback(Array, Array)
#8 C:\xampp\htdocs\wp-content\themes\flatsome\template-parts\footer\footer.php(7): dynamic_sidebar('sidebar-footer-...')
#9 C:\xampp\htdocs\wp-includes\template.php(772): require('C:\\xampp\\htdocs...')
#10 C:\xampp\htdocs\wp-includes\template.php(716): load_template('C:\\xampp\\htdocs...', false, Array)
#11 C:\xampp\htdocs\wp-includes\general-template.php(204): locate_template(Array, true, false, Array)
#12 C:\xampp\htdocs\wp-content\themes\flatsome\inc\structure\structure-footer.php(63): get_template_part('template-parts/...')
#13 C:\xampp\htdocs\wp-includes\class-wp-hook.php(303): flatsome_page_footer('')
#14 C:\xampp\htdocs\wp-includes\class-wp-hook.php(327): WP_Hook->apply_filters('', Array)
#15 C:\xampp\htdocs\wp-includes\plugin.php(470): WP_Hook->do_action(Array)
#16 C:\xampp\htdocs\wp-content\themes\flatsome\footer.php(15): do_action('flatsome_footer')
#17 C:\xampp\htdocs\wp-includes\template.php(770): require_once('C:\\xampp\\htdocs...')
#18 C:\xampp\htdocs\wp-includes\template.php(716): load_template('C:\\xampp\\htdocs...', true, Array)
#19 C:\xampp\htdocs\wp-includes\general-template.php(92): locate_template(Array, true, true, Array)
#20 C:\xampp\htdocs\wp-content\themes\flatsome\page-blank.php(21): get_footer()
#21 C:\xampp\htdocs\wp-includes\template-loader.php(106): include('C:\\xampp\\htdocs...')
#22 C:\xampp\htdocs\wp-blog-header.php(19): require_once('C:\\xampp\\htdocs...')
#23 C:\xampp\htdocs\index.php(17): require('C:\\xampp\\htdocs...')
#24 {main}
  thrown in C:\xampp\htdocs\wp-content\plugins\language-switcher\includes\class-language-switcher.php on line 386

2021-08-13T07:54:42+00:00 CRITICAL Uncaught TypeError: Cannot access offset of type string on string in C:\xampp\htdocs\wp-content\plugins\language-switcher\includes\class-language-switcher.php:386
Stack trace:
#0 C:\xampp\htdocs\wp-content\plugins\language-switcher\includes\class-language-switcher.php(900): Language_Switcher->get_post_language('94')
#1 C:\xampp\htdocs\wp-includes\class-wp-hook.php(305): Language_Switcher->filter_language_menus(Array, Object(WP_Term))
#2 C:\xampp\htdocs\wp-includes\plugin.php(189): WP_Hook->apply_filters(Array, Array)
#3 C:\xampp\htdocs\wp-includes\nav-menu.php(785): apply_filters('wp_get_nav_menu...', Array, Object(WP_Term), Array)
#4 C:\xampp\htdocs\wp-includes\nav-menu-template.php(151): wp_get_nav_menu_items(Object(WP_Term), Array)
#5 C:\xampp\htdocs\wp-includes\widgets\class-wp-nav-menu-widget.php(109): wp_nav_menu(Object(stdClass))
#6 C:\xampp\htdocs\wp-includes\class-wp-widget.php(393): WP_Nav_Menu_Widget->widget(Array, Array)
#7 C:\xampp\htdocs\wp-includes\widgets.php(831): WP_Widget->display_callback(Array, Array)
#8 C:\xampp\htdocs\wp-content\themes\flatsome\template-parts\footer\footer.php(7): dynamic_sidebar('sidebar-footer-...')
#9 C:\xampp\htdocs\wp-includes\template.php(772): require('C:\\xampp\\htdocs...')
#10 C:\xampp\htdocs\wp-includes\template.php(716): load_template('C:\\xampp\\htdocs...', false, Array)
#11 C:\xampp\htdocs\wp-includes\general-template.php(204): locate_template(Array, true, false, Array)
#12 C:\xampp\htdocs\wp-content\themes\flatsome\inc\structure\structure-footer.php(63): get_template_part('template-parts/...')
#13 C:\xampp\htdocs\wp-includes\class-wp-hook.php(303): flatsome_page_footer('')
#14 C:\xampp\htdocs\wp-includes\class-wp-hook.php(327): WP_Hook->apply_filters('', Array)
#15 C:\xampp\htdocs\wp-includes\plugin.php(470): WP_Hook->do_action(Array)
#16 C:\xampp\htdocs\wp-content\themes\flatsome\footer.php(15): do_action('flatsome_footer')
#17 C:\xampp\htdocs\wp-includes\template.php(770): require_once('C:\\xampp\\htdocs...')
#18 C:\xampp\htdocs\wp-includes\template.php(716): load_template('C:\\xampp\\htdocs...', true, Array)
#19 C:\xampp\htdocs\wp-includes\general-template.php(92): locate_template(Array, true, true, Array)
#20 C:\xampp\htdocs\wp-content\themes\flatsome\page-blank.php(21): get_footer()
#21 C:\xampp\htdocs\wp-includes\template-loader.php(106): include('C:\\xampp\\htdocs...')
#22 C:\xampp\htdocs\wp-blog-header.php(19): require_once('C:\\xampp\\htdocs...')
#23 C:\xampp\htdocs\index.php(17): require('C:\\xampp\\htdocs...')
#24 {main}
  thrown in C:\xampp\htdocs\wp-content\plugins\language-switcher\includes\class-language-switcher.php on line 386

2021-08-13T07:54:49+00:00 CRITICAL Uncaught TypeError: Cannot access offset of type string on string in C:\xampp\htdocs\wp-content\plugins\language-switcher\includes\class-language-switcher.php:386
Stack trace:
#0 C:\xampp\htdocs\wp-content\plugins\language-switcher\includes\class-language-switcher.php(900): Language_Switcher->get_post_language('94')
#1 C:\xampp\htdocs\wp-includes\class-wp-hook.php(305): Language_Switcher->filter_language_menus(Array, Object(WP_Term))
#2 C:\xampp\htdocs\wp-includes\plugin.php(189): WP_Hook->apply_filters(Array, Array)
#3 C:\xampp\htdocs\wp-includes\nav-menu.php(785): apply_filters('wp_get_nav_menu...', Array, Object(WP_Term), Array)
#4 C:\xampp\htdocs\wp-includes\nav-menu-template.php(151): wp_get_nav_menu_items(Object(WP_Term), Array)
#5 C:\xampp\htdocs\wp-includes\widgets\class-wp-nav-menu-widget.php(109): wp_nav_menu(Object(stdClass))
#6 C:\xampp\htdocs\wp-includes\class-wp-widget.php(393): WP_Nav_Menu_Widget->widget(Array, Array)
#7 C:\xampp\htdocs\wp-includes\widgets.php(831): WP_Widget->display_callback(Array, Array)
#8 C:\xampp\htdocs\wp-content\themes\flatsome\template-parts\footer\footer.php(7): dynamic_sidebar('sidebar-footer-...')
#9 C:\xampp\htdocs\wp-includes\template.php(772): require('C:\\xampp\\htdocs...')
#10 C:\xampp\htdocs\wp-includes\template.php(716): load_template('C:\\xampp\\htdocs...', false, Array)
#11 C:\xampp\htdocs\wp-includes\general-template.php(204): locate_template(Array, true, false, Array)
#12 C:\xampp\htdocs\wp-content\themes\flatsome\inc\structure\structure-footer.php(63): get_template_part('template-parts/...')
#13 C:\xampp\htdocs\wp-includes\class-wp-hook.php(303): flatsome_page_footer('')
#14 C:\xampp\htdocs\wp-includes\class-wp-hook.php(327): WP_Hook->apply_filters('', Array)
#15 C:\xampp\htdocs\wp-includes\plugin.php(470): WP_Hook->do_action(Array)
#16 C:\xampp\htdocs\wp-content\themes\flatsome\footer.php(15): do_action('flatsome_footer')
#17 C:\xampp\htdocs\wp-includes\template.php(770): require_once('C:\\xampp\\htdocs...')
#18 C:\xampp\htdocs\wp-includes\template.php(716): load_template('C:\\xampp\\htdocs...', true, Array)
#19 C:\xampp\htdocs\wp-includes\general-template.php(92): locate_template(Array, true, true, Array)
#20 C:\xampp\htdocs\wp-content\themes\flatsome\page.php(47): get_footer()
#21 C:\xampp\htdocs\wp-includes\template-loader.php(106): include('C:\\xampp\\htdocs...')
#22 C:\xampp\htdocs\wp-blog-header.php(19): require_once('C:\\xampp\\htdocs...')
#23 C:\xampp\htdocs\index.php(17): require('C:\\xampp\\htdocs...')
#24 {main}
  thrown in C:\xampp\htdocs\wp-content\plugins\language-switcher\includes\class-language-switcher.php on line 386

2021-08-13T07:54:51+00:00 CRITICAL Uncaught TypeError: Cannot access offset of type string on string in C:\xampp\htdocs\wp-content\plugins\language-switcher\includes\class-language-switcher.php:386
Stack trace:
#0 C:\xampp\htdocs\wp-content\plugins\language-switcher\includes\class-language-switcher.php(900): Language_Switcher->get_post_language('94')
#1 C:\xampp\htdocs\wp-includes\class-wp-hook.php(305): Language_Switcher->filter_language_menus(Array, Object(WP_Term))
#2 C:\xampp\htdocs\wp-includes\plugin.php(189): WP_Hook->apply_filters(Array, Array)
#3 C:\xampp\htdocs\wp-includes\nav-menu.php(785): apply_filters('wp_get_nav_menu...', Array, Object(WP_Term), Array)
#4 C:\xampp\htdocs\wp-includes\nav-menu-template.php(151): wp_get_nav_menu_items(Object(WP_Term), Array)
#5 C:\xampp\htdocs\wp-includes\widgets\class-wp-nav-menu-widget.php(109): wp_nav_menu(Object(stdClass))
#6 C:\xampp\htdocs\wp-includes\class-wp-widget.php(393): WP_Nav_Menu_Widget->widget(Array, Array)
#7 C:\xampp\htdocs\wp-includes\widgets.php(831): WP_Widget->display_callback(Array, Array)
#8 C:\xampp\htdocs\wp-content\themes\flatsome\template-parts\footer\footer.php(7): dynamic_sidebar('sidebar-footer-...')
#9 C:\xampp\htdocs\wp-includes\template.php(772): require('C:\\xampp\\htdocs...')
#10 C:\xampp\htdocs\wp-includes\template.php(716): load_template('C:\\xampp\\htdocs...', false, Array)
#11 C:\xampp\htdocs\wp-includes\general-template.php(204): locate_template(Array, true, false, Array)
#12 C:\xampp\htdocs\wp-content\themes\flatsome\inc\structure\structure-footer.php(78): get_template_part('template-parts/...')
#13 C:\xampp\htdocs\wp-includes\class-wp-hook.php(303): flatsome_page_footer('')
#14 C:\xampp\htdocs\wp-includes\class-wp-hook.php(327): WP_Hook->apply_filters('', Array)
#15 C:\xampp\htdocs\wp-includes\plugin.php(470): WP_Hook->do_action(Array)
#16 C:\xampp\htdocs\wp-content\themes\flatsome\footer.php(15): do_action('flatsome_footer')
#17 C:\xampp\htdocs\wp-includes\template.php(770): require_once('C:\\xampp\\htdocs...')
#18 C:\xampp\htdocs\wp-includes\template.php(716): load_template('C:\\xampp\\htdocs...', true, Array)
#19 C:\xampp\htdocs\wp-includes\general-template.php(92): locate_template(Array, true, true, Array)
#20 C:\xampp\htdocs\wp-content\themes\flatsome\woocommerce\archive-product.php(29): get_footer('shop')
#21 C:\xampp\htdocs\wp-content\plugins\woocommerce\includes\wc-core-functions.php(345): include('C:\\xampp\\htdocs...')
#22 C:\xampp\htdocs\wp-content\plugins\woocommerce\templates\taxonomy-product-cat.php(22): wc_get_template('archive-product...')
#23 C:\xampp\htdocs\wp-includes\template-loader.php(106): include('C:\\xampp\\htdocs...')
#24 C:\xampp\htdocs\wp-blog-header.php(19): require_once('C:\\xampp\\htdocs...')
#25 C:\xampp\htdocs\index.php(17): require('C:\\xampp\\htdocs...')
#26 {main}
  thrown in C:\xampp\htdocs\wp-content\plugins\language-switcher\includes\class-language-switcher.php on line 386

2021-08-13T07:54:59+00:00 CRITICAL Uncaught TypeError: Cannot access offset of type string on string in C:\xampp\htdocs\wp-content\plugins\language-switcher\includes\class-language-switcher.php:386
Stack trace:
#0 C:\xampp\htdocs\wp-content\plugins\language-switcher\includes\class-language-switcher.php(900): Language_Switcher->get_post_language('94')
#1 C:\xampp\htdocs\wp-includes\class-wp-hook.php(305): Language_Switcher->filter_language_menus(Array, Object(WP_Term))
#2 C:\xampp\htdocs\wp-includes\plugin.php(189): WP_Hook->apply_filters(Array, Array)
#3 C:\xampp\htdocs\wp-includes\nav-menu.php(785): apply_filters('wp_get_nav_menu...', Array, Object(WP_Term), Array)
#4 C:\xampp\htdocs\wp-includes\nav-menu-template.php(151): wp_get_nav_menu_items(Object(WP_Term), Array)
#5 C:\xampp\htdocs\wp-includes\widgets\class-wp-nav-menu-widget.php(109): wp_nav_menu(Object(stdClass))
#6 C:\xampp\htdocs\wp-includes\class-wp-widget.php(393): WP_Nav_Menu_Widget->widget(Array, Array)
#7 C:\xampp\htdocs\wp-includes\widgets.php(831): WP_Widget->display_callback(Array, Array)
#8 C:\xampp\htdocs\wp-content\themes\flatsome\template-parts\footer\footer.php(7): dynamic_sidebar('sidebar-footer-...')
#9 C:\xampp\htdocs\wp-includes\template.php(772): require('C:\\xampp\\htdocs...')
#10 C:\xampp\htdocs\wp-includes\template.php(716): load_template('C:\\xampp\\htdocs...', false, Array)
#11 C:\xampp\htdocs\wp-includes\general-template.php(204): locate_template(Array, true, false, Array)
#12 C:\xampp\htdocs\wp-content\themes\flatsome\inc\structure\structure-footer.php(63): get_template_part('template-parts/...')
#13 C:\xampp\htdocs\wp-includes\class-wp-hook.php(303): flatsome_page_footer('')
#14 C:\xampp\htdocs\wp-includes\class-wp-hook.php(327): WP_Hook->apply_filters('', Array)
#15 C:\xampp\htdocs\wp-includes\plugin.php(470): WP_Hook->do_action(Array)
#16 C:\xampp\htdocs\wp-content\themes\flatsome\footer.php(15): do_action('flatsome_footer')
#17 C:\xampp\htdocs\wp-includes\template.php(770): require_once('C:\\xampp\\htdocs...')
#18 C:\xampp\htdocs\wp-includes\template.php(716): load_template('C:\\xampp\\htdocs...', true, Array)
#19 C:\xampp\htdocs\wp-includes\general-template.php(92): locate_template(Array, true, true, Array)
#20 C:\xampp\htdocs\wp-content\themes\flatsome\woocommerce\checkout\layouts\checkout.php(18): get_footer()
#21 C:\xampp\htdocs\wp-includes\template.php(772): require('C:\\xampp\\htdocs...')
#22 C:\xampp\htdocs\wp-content\plugins\woocommerce\includes\wc-core-functions.php(284): load_template('C:\\xampp\\htdocs...', false)
#23 C:\xampp\htdocs\wp-content\themes\flatsome\page-cart.php(6): wc_get_template_part('checkout/layout...', false)
#24 C:\xampp\htdocs\wp-includes\template-loader.php(106): include('C:\\xampp\\htdocs...')
#25 C:\xampp\htdocs\wp-blog-header.php(19): require_once('C:\\xampp\\htdocs...')
#26 C:\xampp\htdocs\index.php(17): require('C:\\xampp\\htdocs...')
#27 {main}
  thrown in C:\xampp\htdocs\wp-content\plugins\language-switcher\includes\class-language-switcher.php on line 386

2021-08-13T07:55:46+00:00 CRITICAL Uncaught TypeError: Cannot access offset of type string on string in C:\xampp\htdocs\wp-content\plugins\language-switcher\includes\class-language-switcher.php:386
Stack trace:
#0 C:\xampp\htdocs\wp-content\plugins\language-switcher\includes\class-language-switcher.php(900): Language_Switcher->get_post_language('94')
#1 C:\xampp\htdocs\wp-includes\class-wp-hook.php(305): Language_Switcher->filter_language_menus(Array, Object(WP_Term))
#2 C:\xampp\htdocs\wp-includes\plugin.php(189): WP_Hook->apply_filters(Array, Array)
#3 C:\xampp\htdocs\wp-includes\nav-menu.php(785): apply_filters('wp_get_nav_menu...', Array, Object(WP_Term), Array)
#4 C:\xampp\htdocs\wp-includes\nav-menu-template.php(151): wp_get_nav_menu_items(Object(WP_Term), Array)
#5 C:\xampp\htdocs\wp-includes\widgets\class-wp-nav-menu-widget.php(109): wp_nav_menu(Object(stdClass))
#6 C:\xampp\htdocs\wp-includes\class-wp-widget.php(393): WP_Nav_Menu_Widget->widget(Array, Array)
#7 C:\xampp\htdocs\wp-includes\widgets.php(831): WP_Widget->display_callback(Array, Array)
#8 C:\xampp\htdocs\wp-content\themes\flatsome\template-parts\footer\footer.php(7): dynamic_sidebar('sidebar-footer-...')
#9 C:\xampp\htdocs\wp-includes\template.php(772): require('C:\\xampp\\htdocs...')
#10 C:\xampp\htdocs\wp-includes\template.php(716): load_template('C:\\xampp\\htdocs...', false, Array)
#11 C:\xampp\htdocs\wp-includes\general-template.php(204): locate_template(Array, true, false, Array)
#12 C:\xampp\htdocs\wp-content\themes\flatsome\inc\structure\structure-footer.php(63): get_template_part('template-parts/...')
#13 C:\xampp\htdocs\wp-includes\class-wp-hook.php(303): flatsome_page_footer('')
#14 C:\xampp\htdocs\wp-includes\class-wp-hook.php(327): WP_Hook->apply_filters('', Array)
#15 C:\xampp\htdocs\wp-includes\plugin.php(470): WP_Hook->do_action(Array)
#16 C:\xampp\htdocs\wp-content\themes\flatsome\footer.php(15): do_action('flatsome_footer')
#17 C:\xampp\htdocs\wp-includes\template.php(770): require_once('C:\\xampp\\htdocs...')
#18 C:\xampp\htdocs\wp-includes\template.php(716): load_template('C:\\xampp\\htdocs...', true, Array)
#19 C:\xampp\htdocs\wp-includes\general-template.php(92): locate_template(Array, true, true, Array)
#20 C:\xampp\htdocs\wp-content\themes\flatsome\page-blank.php(21): get_footer()
#21 C:\xampp\htdocs\wp-includes\template-loader.php(106): include('C:\\xampp\\htdocs...')
#22 C:\xampp\htdocs\wp-blog-header.php(19): require_once('C:\\xampp\\htdocs...')
#23 C:\xampp\htdocs\index.php(17): require('C:\\xampp\\htdocs...')
#24 {main}
  thrown in C:\xampp\htdocs\wp-content\plugins\language-switcher\includes\class-language-switcher.php on line 386

2021-08-13T07:55:57+00:00 CRITICAL Uncaught TypeError: Cannot access offset of type string on string in C:\xampp\htdocs\wp-content\plugins\language-switcher\includes\class-language-switcher.php:386
Stack trace:
#0 C:\xampp\htdocs\wp-content\plugins\language-switcher\includes\class-language-switcher.php(900): Language_Switcher->get_post_language('94')
#1 C:\xampp\htdocs\wp-includes\class-wp-hook.php(305): Language_Switcher->filter_language_menus(Array, Object(WP_Term))
#2 C:\xampp\htdocs\wp-includes\plugin.php(189): WP_Hook->apply_filters(Array, Array)
#3 C:\xampp\htdocs\wp-includes\nav-menu.php(785): apply_filters('wp_get_nav_menu...', Array, Object(WP_Term), Array)
#4 C:\xampp\htdocs\wp-includes\nav-menu-template.php(151): wp_get_nav_menu_items(Object(WP_Term), Array)
#5 C:\xampp\htdocs\wp-includes\widgets\class-wp-nav-menu-widget.php(109): wp_nav_menu(Object(stdClass))
#6 C:\xampp\htdocs\wp-includes\class-wp-widget.php(393): WP_Nav_Menu_Widget->widget(Array, Array)
#7 C:\xampp\htdocs\wp-includes\widgets.php(831): WP_Widget->display_callback(Array, Array)
#8 C:\xampp\htdocs\wp-content\themes\flatsome\template-parts\footer\footer.php(7): dynamic_sidebar('sidebar-footer-...')
#9 C:\xampp\htdocs\wp-includes\template.php(772): require('C:\\xampp\\htdocs...')
#10 C:\xampp\htdocs\wp-includes\template.php(716): load_template('C:\\xampp\\htdocs...', false, Array)
#11 C:\xampp\htdocs\wp-includes\general-template.php(204): locate_template(Array, true, false, Array)
#12 C:\xampp\htdocs\wp-content\themes\flatsome\inc\structure\structure-footer.php(63): get_template_part('template-parts/...')
#13 C:\xampp\htdocs\wp-includes\class-wp-hook.php(303): flatsome_page_footer('')
#14 C:\xampp\htdocs\wp-includes\class-wp-hook.php(327): WP_Hook->apply_filters('', Array)
#15 C:\xampp\htdocs\wp-includes\plugin.php(470): WP_Hook->do_action(Array)
#16 C:\xampp\htdocs\wp-content\themes\flatsome\footer.php(15): do_action('flatsome_footer')
#17 C:\xampp\htdocs\wp-includes\template.php(770): require_once('C:\\xampp\\htdocs...')
#18 C:\xampp\htdocs\wp-includes\template.php(716): load_template('C:\\xampp\\htdocs...', true, Array)
#19 C:\xampp\htdocs\wp-includes\general-template.php(92): locate_template(Array, true, true, Array)
#20 C:\xampp\htdocs\wp-content\themes\flatsome\woocommerce\checkout\layouts\checkout.php(18): get_footer()
#21 C:\xampp\htdocs\wp-includes\template.php(772): require('C:\\xampp\\htdocs...')
#22 C:\xampp\htdocs\wp-content\plugins\woocommerce\includes\wc-core-functions.php(284): load_template('C:\\xampp\\htdocs...', false)
#23 C:\xampp\htdocs\wp-content\themes\flatsome\page-cart.php(6): wc_get_template_part('checkout/layout...', false)
#24 C:\xampp\htdocs\wp-includes\template-loader.php(106): include('C:\\xampp\\htdocs...')
#25 C:\xampp\htdocs\wp-blog-header.php(19): require_once('C:\\xampp\\htdocs...')
#26 C:\xampp\htdocs\index.php(17): require('C:\\xampp\\htdocs...')
#27 {main}
  thrown in C:\xampp\htdocs\wp-content\plugins\language-switcher\includes\class-language-switcher.php on line 386

2021-08-13T07:56:00+00:00 CRITICAL Uncaught TypeError: Cannot access offset of type string on string in C:\xampp\htdocs\wp-content\plugins\language-switcher\includes\class-language-switcher.php:386
Stack trace:
#0 C:\xampp\htdocs\wp-content\plugins\language-switcher\includes\class-language-switcher.php(900): Language_Switcher->get_post_language('94')
#1 C:\xampp\htdocs\wp-includes\class-wp-hook.php(305): Language_Switcher->filter_language_menus(Array, Object(WP_Term))
#2 C:\xampp\htdocs\wp-includes\plugin.php(189): WP_Hook->apply_filters(Array, Array)
#3 C:\xampp\htdocs\wp-includes\nav-menu.php(785): apply_filters('wp_get_nav_menu...', Array, Object(WP_Term), Array)
#4 C:\xampp\htdocs\wp-includes\nav-menu-template.php(151): wp_get_nav_menu_items(Object(WP_Term), Array)
#5 C:\xampp\htdocs\wp-includes\widgets\class-wp-nav-menu-widget.php(109): wp_nav_menu(Object(stdClass))
#6 C:\xampp\htdocs\wp-includes\class-wp-widget.php(393): WP_Nav_Menu_Widget->widget(Array, Array)
#7 C:\xampp\htdocs\wp-includes\widgets.php(831): WP_Widget->display_callback(Array, Array)
#8 C:\xampp\htdocs\wp-content\themes\flatsome\template-parts\footer\footer.php(7): dynamic_sidebar('sidebar-footer-...')
#9 C:\xampp\htdocs\wp-includes\template.php(772): require('C:\\xampp\\htdocs...')
#10 C:\xampp\htdocs\wp-includes\template.php(716): load_template('C:\\xampp\\htdocs...', false, Array)
#11 C:\xampp\htdocs\wp-includes\general-template.php(204): locate_template(Array, true, false, Array)
#12 C:\xampp\htdocs\wp-content\themes\flatsome\inc\structure\structure-footer.php(63): get_template_part('template-parts/...')
#13 C:\xampp\htdocs\wp-includes\class-wp-hook.php(303): flatsome_page_footer('')
#14 C:\xampp\htdocs\wp-includes\class-wp-hook.php(327): WP_Hook->apply_filters('', Array)
#15 C:\xampp\htdocs\wp-includes\plugin.php(470): WP_Hook->do_action(Array)
#16 C:\xampp\htdocs\wp-content\themes\flatsome\footer.php(15): do_action('flatsome_footer')
#17 C:\xampp\htdocs\wp-includes\template.php(770): require_once('C:\\xampp\\htdocs...')
#18 C:\xampp\htdocs\wp-includes\template.php(716): load_template('C:\\xampp\\htdocs...', true, Array)
#19 C:\xampp\htdocs\wp-includes\general-template.php(92): locate_template(Array, true, true, Array)
#20 C:\xampp\htdocs\wp-content\themes\flatsome\woocommerce\checkout\layouts\checkout.php(18): get_footer()
#21 C:\xampp\htdocs\wp-includes\template.php(772): require('C:\\xampp\\htdocs...')
#22 C:\xampp\htdocs\wp-content\plugins\woocommerce\includes\wc-core-functions.php(284): load_template('C:\\xampp\\htdocs...', false)
#23 C:\xampp\htdocs\wp-content\themes\flatsome\page-cart.php(6): wc_get_template_part('checkout/layout...', false)
#24 C:\xampp\htdocs\wp-includes\template-loader.php(106): include('C:\\xampp\\htdocs...')
#25 C:\xampp\htdocs\wp-blog-header.php(19): require_once('C:\\xampp\\htdocs...')
#26 C:\xampp\htdocs\index.php(17): require('C:\\xampp\\htdocs...')
#27 {main}
  thrown in C:\xampp\htdocs\wp-content\plugins\language-switcher\includes\class-language-switcher.php on line 386

2021-08-13T07:56:07+00:00 CRITICAL Uncaught TypeError: Cannot access offset of type string on string in C:\xampp\htdocs\wp-content\plugins\language-switcher\includes\class-language-switcher.php:386
Stack trace:
#0 C:\xampp\htdocs\wp-content\plugins\language-switcher\includes\class-language-switcher.php(900): Language_Switcher->get_post_language('94')
#1 C:\xampp\htdocs\wp-includes\class-wp-hook.php(305): Language_Switcher->filter_language_menus(Array, Object(WP_Term))
#2 C:\xampp\htdocs\wp-includes\plugin.php(189): WP_Hook->apply_filters(Array, Array)
#3 C:\xampp\htdocs\wp-includes\nav-menu.php(785): apply_filters('wp_get_nav_menu...', Array, Object(WP_Term), Array)
#4 C:\xampp\htdocs\wp-includes\nav-menu-template.php(151): wp_get_nav_menu_items(Object(WP_Term), Array)
#5 C:\xampp\htdocs\wp-includes\widgets\class-wp-nav-menu-widget.php(109): wp_nav_menu(Object(stdClass))
#6 C:\xampp\htdocs\wp-includes\class-wp-widget.php(393): WP_Nav_Menu_Widget->widget(Array, Array)
#7 C:\xampp\htdocs\wp-includes\widgets.php(831): WP_Widget->display_callback(Array, Array)
#8 C:\xampp\htdocs\wp-content\themes\flatsome\template-parts\footer\footer.php(7): dynamic_sidebar('sidebar-footer-...')
#9 C:\xampp\htdocs\wp-includes\template.php(772): require('C:\\xampp\\htdocs...')
#10 C:\xampp\htdocs\wp-includes\template.php(716): load_template('C:\\xampp\\htdocs...', false, Array)
#11 C:\xampp\htdocs\wp-includes\general-template.php(204): locate_template(Array, true, false, Array)
#12 C:\xampp\htdocs\wp-content\themes\flatsome\inc\structure\structure-footer.php(63): get_template_part('template-parts/...')
#13 C:\xampp\htdocs\wp-includes\class-wp-hook.php(303): flatsome_page_footer('')
#14 C:\xampp\htdocs\wp-includes\class-wp-hook.php(327): WP_Hook->apply_filters('', Array)
#15 C:\xampp\htdocs\wp-includes\plugin.php(470): WP_Hook->do_action(Array)
#16 C:\xampp\htdocs\wp-content\themes\flatsome\footer.php(15): do_action('flatsome_footer')
#17 C:\xampp\htdocs\wp-includes\template.php(770): require_once('C:\\xampp\\htdocs...')
#18 C:\xampp\htdocs\wp-includes\template.php(716): load_template('C:\\xampp\\htdocs...', true, Array)
#19 C:\xampp\htdocs\wp-includes\general-template.php(92): locate_template(Array, true, true, Array)
#20 C:\xampp\htdocs\wp-content\themes\flatsome\woocommerce\checkout\layouts\checkout.php(18): get_footer()
#21 C:\xampp\htdocs\wp-includes\template.php(772): require('C:\\xampp\\htdocs...')
#22 C:\xampp\htdocs\wp-content\plugins\woocommerce\includes\wc-core-functions.php(284): load_template('C:\\xampp\\htdocs...', false)
#23 C:\xampp\htdocs\wp-content\themes\flatsome\page-cart.php(6): wc_get_template_part('checkout/layout...', false)
#24 C:\xampp\htdocs\wp-includes\template-loader.php(106): include('C:\\xampp\\htdocs...')
#25 C:\xampp\htdocs\wp-blog-header.php(19): require_once('C:\\xampp\\htdocs...')
#26 C:\xampp\htdocs\index.php(17): require('C:\\xampp\\htdocs...')
#27 {main}
  thrown in C:\xampp\htdocs\wp-content\plugins\language-switcher\includes\class-language-switcher.php on line 386

