2021-07-15T07:10:43+00:00 CRITICAL Uncaught ArgumentCountError: 3 arguments are required, 2 given in C:\xampp\htdocs\wp-admin\includes\class-bulk-upgrader-skin.php:152
Stack trace:
#0 C:\xampp\htdocs\wp-admin\includes\class-bulk-upgrader-skin.php(152): sprintf('%1$s installed ...', 'YITH WooCommerc...')
#1 C:\xampp\htdocs\wp-content\themes\flatsome\inc\classes\class-tgm-plugin-activation.php(3638): Bulk_Upgrader_Skin->after('YITH WooCommerc...')
#2 C:\xampp\htdocs\wp-admin\includes\class-wp-upgrader.php(823): TGMPA_Bulk_Installer_Skin->after()
#3 C:\xampp\htdocs\wp-content\themes\flatsome\inc\classes\class-tgm-plugin-activation.php(3258): WP_Upgrader->run(Array)
#4 C:\xampp\htdocs\wp-content\themes\flatsome\inc\classes\class-tgm-plugin-activation.php(3371): TGMPA_Bulk_Installer->run(Array)
#5 C:\xampp\htdocs\wp-content\themes\flatsome\inc\classes\class-tgm-plugin-activation.php(2977): TGMPA_Bulk_Installer->bulk_install(Array)
#6 C:\xampp\htdocs\wp-content\themes\flatsome\inc\classes\class-tgm-plugin-activation.php(743): TGMPA_List_Table->process_bulk_actions()
#7 C:\xampp\htdocs\wp-includes\class-wp-hook.php(292): TGM_Plugin_Activation->install_plugins_page('')
#8 C:\xampp\htdocs\wp-includes\class-wp-hook.php(316): WP_Hook->apply_filters('', Array)
#9 C:\xampp\htdocs\wp-includes\plugin.php(484): WP_Hook->do_action(Array)
#10 C:\xampp\htdocs\wp-admin\admin.php(259): do_action('appearance_page...')
#11 C:\xampp\htdocs\wp-admin\themes.php(10): require_once('C:\\xampp\\htdocs...')
#12 {main}
  thrown in C:\xampp\htdocs\wp-admin\includes\class-bulk-upgrader-skin.php on line 152

2021-07-15T07:18:43+00:00 CRITICAL Uncaught WooCommerce\PayPalCommerce\ApiClient\Exception\PayPalApiException: [INVALID_REQUEST] Request is not well-formed, syntactically incorrect, or violates schema. in C:\xampp\htdocs\wp-content\plugins\woocommerce-paypal-payments\modules\ppcp-api-client\src\Endpoint\class-partnerreferrals.php:112
Stack trace:
#0 C:\xampp\htdocs\wp-content\plugins\woocommerce-paypal-payments\modules\ppcp-onboarding\src\Render\class-onboardingrenderer.php(66): WooCommerce\PayPalCommerce\ApiClient\Endpoint\PartnerReferrals->signup_link()
#1 C:\xampp\htdocs\wp-content\plugins\woocommerce-paypal-payments\modules\ppcp-onboarding\src\class-onboarding-rest-controller.php(311): WooCommerce\PayPalCommerce\Onboarding\Render\OnboardingRenderer->get_signup_link(true)
#2 C:\xampp\htdocs\wp-content\plugins\woocommerce-paypal-payments\modules\ppcp-onboarding\src\class-onboarding-rest-controller.php(124): WooCommerce\PayPalCommerce\Onboarding\Onboarding_REST_Controller->generate_signup_link('production', Array)
#3 C:\xampp\htdocs\wp-includes\rest-api\class-wp-rest-server.php(1139): WooCommerce\PayPalCommerce\Onboarding\Onboarding_REST_Controller->get_params(Object(WP_REST_Request))
#4 C:\xampp\htdocs\wp-includes\rest-api\class-wp-rest-server.php(985): WP_REST_Server->respond_to_request(Object(WP_REST_Request), '/wc-paypal/v1/o...', Array, NULL)
#5 C:\xampp\htdocs\wp-includes\rest-api\class-wp-rest-server.php(412): WP_REST_Server->dispatch(Object(WP_REST_Request))
#6 C:\xampp\htdocs\wp-includes\rest-api.php(354): WP_REST_Server->serve_request('/wc-paypal/v1/o...')
#7 C:\xampp\htdocs\wp-includes\class-wp-hook.php(292): rest_api_loaded(Object(WP))
#8 C:\xampp\htdocs\wp-includes\class-wp-hook.php(316): WP_Hook->apply_filters(NULL, Array)
#9 C:\xampp\htdocs\wp-includes\plugin.php(551): WP_Hook->do_action(Array)
#10 C:\xampp\htdocs\wp-includes\class-wp.php(388): do_action_ref_array('parse_request', Array)
#11 C:\xampp\htdocs\wp-includes\class-wp.php(750): WP->parse_request('')
#12 C:\xampp\htdocs\wp-includes\functions.php(1291): WP->main('')
#13 C:\xampp\htdocs\wp-blog-header.php(16): wp()
#14 C:\xampp\htdocs\index.php(17): require('C:\\xampp\\htdocs...')
#15 {main}
  thrown in C:\xampp\htdocs\wp-content\plugins\woocommerce-paypal-payments\modules\ppcp-api-client\src\Endpoint\class-partnerreferrals.php on line 112

2021-07-15T07:27:45+00:00 CRITICAL Uncaught TypeError: method_exists(): Argument #1 ($object_or_class) must be of type object|string, array given in C:\xampp\htdocs\wp-content\plugins\woocommerce-mercadopago\includes\module\class-wc-woomercadopago-module.php:572
Stack trace:
#0 C:\xampp\htdocs\wp-content\plugins\woocommerce-mercadopago\includes\module\class-wc-woomercadopago-module.php(572): method_exists(Array, 'get_meta')
#1 C:\xampp\htdocs\wp-content\plugins\woocommerce-mercadopago\includes\payments\class-wc-woomercadopago-payment-abstract.php(1618): WC_WooMercadoPago_Module::is_subscription(Array)
#2 C:\xampp\htdocs\wp-content\plugins\woocommerce-mercadopago\includes\payments\class-wc-woomercadopago-basic-gateway.php(197): WC_WooMercadoPago_Payment_Abstract->is_available()
#3 C:\xampp\htdocs\wp-content\plugins\woocommerce\includes\class-wc-payment-gateways.php(154): WC_WooMercadoPago_Basic_Gateway->is_available()
#4 C:\xampp\htdocs\wp-content\plugins\woocommerce\includes\wc-account-functions.php(118): WC_Payment_Gateways->get_available_payment_gateways()
#5 C:\xampp\htdocs\wp-content\themes\flatsome\woocommerce\myaccount\account-links.php(17): wc_get_account_menu_items()
#6 C:\xampp\htdocs\wp-content\plugins\woocommerce\includes\wc-core-functions.php(345): include('C:\\xampp\\htdocs...')
#7 C:\xampp\htdocs\wp-content\themes\flatsome\template-parts\header\partials\element-account.php(60): wc_get_template('myaccount/accou...')
#8 C:\xampp\htdocs\wp-includes\template.php(732): require('C:\\xampp\\htdocs...')
#9 C:\xampp\htdocs\wp-includes\template.php(676): load_template('C:\\xampp\\htdocs...', false, Array)
#10 C:\xampp\htdocs\wp-includes\general-template.php(204): locate_template(Array, true, false, Array)
#11 C:\xampp\htdocs\wp-content\themes\flatsome\inc\structure\structure-header.php(97): get_template_part('template-parts/...', '')
#12 C:\xampp\htdocs\wp-content\themes\flatsome\template-parts\header\header-main.php(27): flatsome_header_elements('header_elements...')
#13 C:\xampp\htdocs\wp-includes\template.php(732): require('C:\\xampp\\htdocs...')
#14 C:\xampp\htdocs\wp-includes\template.php(676): load_template('C:\\xampp\\htdocs...', false, Array)
#15 C:\xampp\htdocs\wp-includes\general-template.php(204): locate_template(Array, true, false, Array)
#16 C:\xampp\htdocs\wp-content\themes\flatsome\template-parts\header\header-wrapper.php(7): get_template_part('template-parts/...', 'main')
#17 C:\xampp\htdocs\wp-includes\template.php(732): require('C:\\xampp\\htdocs...')
#18 C:\xampp\htdocs\wp-includes\template.php(676): load_template('C:\\xampp\\htdocs...', false, Array)
#19 C:\xampp\htdocs\wp-includes\general-template.php(204): locate_template(Array, true, false, Array)
#20 C:\xampp\htdocs\wp-content\themes\flatsome\header.php(26): get_template_part('template-parts/...', 'wrapper')
#21 C:\xampp\htdocs\wp-includes\template.php(730): require_once('C:\\xampp\\htdocs...')
#22 C:\xampp\htdocs\wp-includes\template.php(676): load_template('C:\\xampp\\htdocs...', true, Array)
#23 C:\xampp\htdocs\wp-includes\general-template.php(48): locate_template(Array, true, true, Array)
#24 C:\xampp\htdocs\wp-content\themes\flatsome\woocommerce\single-product.php(16): get_header('shop')
#25 C:\xampp\htdocs\wp-includes\template-loader.php(106): include('C:\\xampp\\htdocs...')
#26 C:\xampp\htdocs\wp-blog-header.php(19): require_once('C:\\xampp\\htdocs...')
#27 C:\xampp\htdocs\index.php(17): require('C:\\xampp\\htdocs...')
#28 {main}
  thrown in C:\xampp\htdocs\wp-content\plugins\woocommerce-mercadopago\includes\module\class-wc-woomercadopago-module.php on line 572

2021-07-15T07:28:00+00:00 CRITICAL Uncaught TypeError: method_exists(): Argument #1 ($object_or_class) must be of type object|string, array given in C:\xampp\htdocs\wp-content\plugins\woocommerce-mercadopago\includes\module\class-wc-woomercadopago-module.php:572
Stack trace:
#0 C:\xampp\htdocs\wp-content\plugins\woocommerce-mercadopago\includes\module\class-wc-woomercadopago-module.php(572): method_exists(Array, 'get_meta')
#1 C:\xampp\htdocs\wp-content\plugins\woocommerce-mercadopago\includes\payments\class-wc-woomercadopago-payment-abstract.php(1618): WC_WooMercadoPago_Module::is_subscription(Array)
#2 C:\xampp\htdocs\wp-content\plugins\woocommerce-mercadopago\includes\payments\class-wc-woomercadopago-basic-gateway.php(197): WC_WooMercadoPago_Payment_Abstract->is_available()
#3 C:\xampp\htdocs\wp-content\plugins\woocommerce\includes\class-wc-payment-gateways.php(154): WC_WooMercadoPago_Basic_Gateway->is_available()
#4 C:\xampp\htdocs\wp-content\plugins\woocommerce\includes\wc-account-functions.php(118): WC_Payment_Gateways->get_available_payment_gateways()
#5 C:\xampp\htdocs\wp-content\themes\flatsome\woocommerce\myaccount\account-links.php(17): wc_get_account_menu_items()
#6 C:\xampp\htdocs\wp-content\plugins\woocommerce\includes\wc-core-functions.php(345): include('C:\\xampp\\htdocs...')
#7 C:\xampp\htdocs\wp-content\themes\flatsome\template-parts\header\partials\element-account.php(60): wc_get_template('myaccount/accou...')
#8 C:\xampp\htdocs\wp-includes\template.php(732): require('C:\\xampp\\htdocs...')
#9 C:\xampp\htdocs\wp-includes\template.php(676): load_template('C:\\xampp\\htdocs...', false, Array)
#10 C:\xampp\htdocs\wp-includes\general-template.php(204): locate_template(Array, true, false, Array)
#11 C:\xampp\htdocs\wp-content\themes\flatsome\inc\structure\structure-header.php(97): get_template_part('template-parts/...', '')
#12 C:\xampp\htdocs\wp-content\themes\flatsome\template-parts\header\header-main.php(27): flatsome_header_elements('header_elements...')
#13 C:\xampp\htdocs\wp-includes\template.php(732): require('C:\\xampp\\htdocs...')
#14 C:\xampp\htdocs\wp-includes\template.php(676): load_template('C:\\xampp\\htdocs...', false, Array)
#15 C:\xampp\htdocs\wp-includes\general-template.php(204): locate_template(Array, true, false, Array)
#16 C:\xampp\htdocs\wp-content\themes\flatsome\template-parts\header\header-wrapper.php(7): get_template_part('template-parts/...', 'main')
#17 C:\xampp\htdocs\wp-includes\template.php(732): require('C:\\xampp\\htdocs...')
#18 C:\xampp\htdocs\wp-includes\template.php(676): load_template('C:\\xampp\\htdocs...', false, Array)
#19 C:\xampp\htdocs\wp-includes\general-template.php(204): locate_template(Array, true, false, Array)
#20 C:\xampp\htdocs\wp-content\themes\flatsome\header.php(26): get_template_part('template-parts/...', 'wrapper')
#21 C:\xampp\htdocs\wp-includes\template.php(730): require_once('C:\\xampp\\htdocs...')
#22 C:\xampp\htdocs\wp-includes\template.php(676): load_template('C:\\xampp\\htdocs...', true, Array)
#23 C:\xampp\htdocs\wp-includes\general-template.php(48): locate_template(Array, true, true, Array)
#24 C:\xampp\htdocs\wp-content\themes\flatsome\woocommerce\single-product.php(16): get_header('shop')
#25 C:\xampp\htdocs\wp-includes\template-loader.php(106): include('C:\\xampp\\htdocs...')
#26 C:\xampp\htdocs\wp-blog-header.php(19): require_once('C:\\xampp\\htdocs...')
#27 C:\xampp\htdocs\index.php(17): require('C:\\xampp\\htdocs...')
#28 {main}
  thrown in C:\xampp\htdocs\wp-content\plugins\woocommerce-mercadopago\includes\module\class-wc-woomercadopago-module.php on line 572

2021-07-15T07:28:05+00:00 CRITICAL Uncaught TypeError: method_exists(): Argument #1 ($object_or_class) must be of type object|string, array given in C:\xampp\htdocs\wp-content\plugins\woocommerce-mercadopago\includes\module\class-wc-woomercadopago-module.php:572
Stack trace:
#0 C:\xampp\htdocs\wp-content\plugins\woocommerce-mercadopago\includes\module\class-wc-woomercadopago-module.php(572): method_exists(Array, 'get_meta')
#1 C:\xampp\htdocs\wp-content\plugins\woocommerce-mercadopago\includes\payments\class-wc-woomercadopago-payment-abstract.php(1618): WC_WooMercadoPago_Module::is_subscription(Array)
#2 C:\xampp\htdocs\wp-content\plugins\woocommerce-mercadopago\includes\payments\class-wc-woomercadopago-basic-gateway.php(197): WC_WooMercadoPago_Payment_Abstract->is_available()
#3 C:\xampp\htdocs\wp-content\plugins\woocommerce\includes\class-wc-payment-gateways.php(154): WC_WooMercadoPago_Basic_Gateway->is_available()
#4 C:\xampp\htdocs\wp-content\plugins\woocommerce\includes\wc-account-functions.php(118): WC_Payment_Gateways->get_available_payment_gateways()
#5 C:\xampp\htdocs\wp-content\themes\flatsome\woocommerce\myaccount\account-links.php(17): wc_get_account_menu_items()
#6 C:\xampp\htdocs\wp-content\plugins\woocommerce\includes\wc-core-functions.php(345): include('C:\\xampp\\htdocs...')
#7 C:\xampp\htdocs\wp-content\themes\flatsome\template-parts\header\partials\element-account.php(60): wc_get_template('myaccount/accou...')
#8 C:\xampp\htdocs\wp-includes\template.php(732): require('C:\\xampp\\htdocs...')
#9 C:\xampp\htdocs\wp-includes\template.php(676): load_template('C:\\xampp\\htdocs...', false, Array)
#10 C:\xampp\htdocs\wp-includes\general-template.php(204): locate_template(Array, true, false, Array)
#11 C:\xampp\htdocs\wp-content\themes\flatsome\inc\structure\structure-header.php(97): get_template_part('template-parts/...', '')
#12 C:\xampp\htdocs\wp-content\themes\flatsome\template-parts\header\header-main.php(27): flatsome_header_elements('header_elements...')
#13 C:\xampp\htdocs\wp-includes\template.php(732): require('C:\\xampp\\htdocs...')
#14 C:\xampp\htdocs\wp-includes\template.php(676): load_template('C:\\xampp\\htdocs...', false, Array)
#15 C:\xampp\htdocs\wp-includes\general-template.php(204): locate_template(Array, true, false, Array)
#16 C:\xampp\htdocs\wp-content\themes\flatsome\template-parts\header\header-wrapper.php(7): get_template_part('template-parts/...', 'main')
#17 C:\xampp\htdocs\wp-includes\template.php(732): require('C:\\xampp\\htdocs...')
#18 C:\xampp\htdocs\wp-includes\template.php(676): load_template('C:\\xampp\\htdocs...', false, Array)
#19 C:\xampp\htdocs\wp-includes\general-template.php(204): locate_template(Array, true, false, Array)
#20 C:\xampp\htdocs\wp-content\themes\flatsome\header.php(26): get_template_part('template-parts/...', 'wrapper')
#21 C:\xampp\htdocs\wp-includes\template.php(730): require_once('C:\\xampp\\htdocs...')
#22 C:\xampp\htdocs\wp-includes\template.php(676): load_template('C:\\xampp\\htdocs...', true, Array)
#23 C:\xampp\htdocs\wp-includes\general-template.php(48): locate_template(Array, true, true, Array)
#24 C:\xampp\htdocs\wp-content\themes\flatsome\woocommerce\single-product.php(16): get_header('shop')
#25 C:\xampp\htdocs\wp-includes\template-loader.php(106): include('C:\\xampp\\htdocs...')
#26 C:\xampp\htdocs\wp-blog-header.php(19): require_once('C:\\xampp\\htdocs...')
#27 C:\xampp\htdocs\index.php(17): require('C:\\xampp\\htdocs...')
#28 {main}
  thrown in C:\xampp\htdocs\wp-content\plugins\woocommerce-mercadopago\includes\module\class-wc-woomercadopago-module.php on line 572

2021-07-15T07:28:15+00:00 CRITICAL Uncaught TypeError: method_exists(): Argument #1 ($object_or_class) must be of type object|string, array given in C:\xampp\htdocs\wp-content\plugins\woocommerce-mercadopago\includes\module\class-wc-woomercadopago-module.php:572
Stack trace:
#0 C:\xampp\htdocs\wp-content\plugins\woocommerce-mercadopago\includes\module\class-wc-woomercadopago-module.php(572): method_exists(Array, 'get_meta')
#1 C:\xampp\htdocs\wp-content\plugins\woocommerce-mercadopago\includes\payments\class-wc-woomercadopago-payment-abstract.php(1618): WC_WooMercadoPago_Module::is_subscription(Array)
#2 C:\xampp\htdocs\wp-content\plugins\woocommerce-mercadopago\includes\payments\class-wc-woomercadopago-basic-gateway.php(197): WC_WooMercadoPago_Payment_Abstract->is_available()
#3 C:\xampp\htdocs\wp-content\plugins\woocommerce\includes\class-wc-payment-gateways.php(154): WC_WooMercadoPago_Basic_Gateway->is_available()
#4 C:\xampp\htdocs\wp-content\plugins\woocommerce\includes\wc-account-functions.php(118): WC_Payment_Gateways->get_available_payment_gateways()
#5 C:\xampp\htdocs\wp-content\themes\flatsome\woocommerce\myaccount\account-links.php(17): wc_get_account_menu_items()
#6 C:\xampp\htdocs\wp-content\plugins\woocommerce\includes\wc-core-functions.php(345): include('C:\\xampp\\htdocs...')
#7 C:\xampp\htdocs\wp-content\themes\flatsome\template-parts\header\partials\element-account.php(60): wc_get_template('myaccount/accou...')
#8 C:\xampp\htdocs\wp-includes\template.php(732): require('C:\\xampp\\htdocs...')
#9 C:\xampp\htdocs\wp-includes\template.php(676): load_template('C:\\xampp\\htdocs...', false, Array)
#10 C:\xampp\htdocs\wp-includes\general-template.php(204): locate_template(Array, true, false, Array)
#11 C:\xampp\htdocs\wp-content\themes\flatsome\inc\structure\structure-header.php(97): get_template_part('template-parts/...', '')
#12 C:\xampp\htdocs\wp-content\themes\flatsome\template-parts\header\header-main.php(27): flatsome_header_elements('header_elements...')
#13 C:\xampp\htdocs\wp-includes\template.php(732): require('C:\\xampp\\htdocs...')
#14 C:\xampp\htdocs\wp-includes\template.php(676): load_template('C:\\xampp\\htdocs...', false, Array)
#15 C:\xampp\htdocs\wp-includes\general-template.php(204): locate_template(Array, true, false, Array)
#16 C:\xampp\htdocs\wp-content\themes\flatsome\template-parts\header\header-wrapper.php(7): get_template_part('template-parts/...', 'main')
#17 C:\xampp\htdocs\wp-includes\template.php(732): require('C:\\xampp\\htdocs...')
#18 C:\xampp\htdocs\wp-includes\template.php(676): load_template('C:\\xampp\\htdocs...', false, Array)
#19 C:\xampp\htdocs\wp-includes\general-template.php(204): locate_template(Array, true, false, Array)
#20 C:\xampp\htdocs\wp-content\themes\flatsome\header.php(26): get_template_part('template-parts/...', 'wrapper')
#21 C:\xampp\htdocs\wp-includes\template.php(730): require_once('C:\\xampp\\htdocs...')
#22 C:\xampp\htdocs\wp-includes\template.php(676): load_template('C:\\xampp\\htdocs...', true, Array)
#23 C:\xampp\htdocs\wp-includes\general-template.php(48): locate_template(Array, true, true, Array)
#24 C:\xampp\htdocs\wp-content\themes\flatsome\woocommerce\checkout\layouts\checkout.php(3): get_header()
#25 C:\xampp\htdocs\wp-includes\template.php(732): require('C:\\xampp\\htdocs...')
#26 C:\xampp\htdocs\wp-content\plugins\woocommerce\includes\wc-core-functions.php(284): load_template('C:\\xampp\\htdocs...', false)
#27 C:\xampp\htdocs\wp-content\themes\flatsome\page-cart.php(6): wc_get_template_part('checkout/layout...', false)
#28 C:\xampp\htdocs\wp-includes\template-loader.php(106): include('C:\\xampp\\htdocs...')
#29 C:\xampp\htdocs\wp-blog-header.php(19): require_once('C:\\xampp\\htdocs...')
#30 C:\xampp\htdocs\index.php(17): require('C:\\xampp\\htdocs...')
#31 {main}
  thrown in C:\xampp\htdocs\wp-content\plugins\woocommerce-mercadopago\includes\module\class-wc-woomercadopago-module.php on line 572

2021-07-15T07:28:33+00:00 CRITICAL Uncaught TypeError: method_exists(): Argument #1 ($object_or_class) must be of type object|string, array given in C:\xampp\htdocs\wp-content\plugins\woocommerce-mercadopago\includes\module\class-wc-woomercadopago-module.php:572
Stack trace:
#0 C:\xampp\htdocs\wp-content\plugins\woocommerce-mercadopago\includes\module\class-wc-woomercadopago-module.php(572): method_exists(Array, 'get_meta')
#1 C:\xampp\htdocs\wp-content\plugins\woocommerce-mercadopago\includes\payments\class-wc-woomercadopago-payment-abstract.php(1618): WC_WooMercadoPago_Module::is_subscription(Array)
#2 C:\xampp\htdocs\wp-content\plugins\woocommerce-mercadopago\includes\payments\class-wc-woomercadopago-basic-gateway.php(197): WC_WooMercadoPago_Payment_Abstract->is_available()
#3 C:\xampp\htdocs\wp-content\plugins\woocommerce\includes\class-wc-payment-gateways.php(154): WC_WooMercadoPago_Basic_Gateway->is_available()
#4 C:\xampp\htdocs\wp-content\plugins\woocommerce\includes\wc-account-functions.php(118): WC_Payment_Gateways->get_available_payment_gateways()
#5 C:\xampp\htdocs\wp-content\themes\flatsome\woocommerce\myaccount\account-links.php(17): wc_get_account_menu_items()
#6 C:\xampp\htdocs\wp-content\plugins\woocommerce\includes\wc-core-functions.php(345): include('C:\\xampp\\htdocs...')
#7 C:\xampp\htdocs\wp-content\themes\flatsome\template-parts\header\partials\element-account.php(60): wc_get_template('myaccount/accou...')
#8 C:\xampp\htdocs\wp-includes\template.php(732): require('C:\\xampp\\htdocs...')
#9 C:\xampp\htdocs\wp-includes\template.php(676): load_template('C:\\xampp\\htdocs...', false, Array)
#10 C:\xampp\htdocs\wp-includes\general-template.php(204): locate_template(Array, true, false, Array)
#11 C:\xampp\htdocs\wp-content\themes\flatsome\inc\structure\structure-header.php(97): get_template_part('template-parts/...', '')
#12 C:\xampp\htdocs\wp-content\themes\flatsome\template-parts\header\header-main.php(27): flatsome_header_elements('header_elements...')
#13 C:\xampp\htdocs\wp-includes\template.php(732): require('C:\\xampp\\htdocs...')
#14 C:\xampp\htdocs\wp-includes\template.php(676): load_template('C:\\xampp\\htdocs...', false, Array)
#15 C:\xampp\htdocs\wp-includes\general-template.php(204): locate_template(Array, true, false, Array)
#16 C:\xampp\htdocs\wp-content\themes\flatsome\template-parts\header\header-wrapper.php(7): get_template_part('template-parts/...', 'main')
#17 C:\xampp\htdocs\wp-includes\template.php(732): require('C:\\xampp\\htdocs...')
#18 C:\xampp\htdocs\wp-includes\template.php(676): load_template('C:\\xampp\\htdocs...', false, Array)
#19 C:\xampp\htdocs\wp-includes\general-template.php(204): locate_template(Array, true, false, Array)
#20 C:\xampp\htdocs\wp-content\themes\flatsome\header.php(26): get_template_part('template-parts/...', 'wrapper')
#21 C:\xampp\htdocs\wp-includes\template.php(730): require_once('C:\\xampp\\htdocs...')
#22 C:\xampp\htdocs\wp-includes\template.php(676): load_template('C:\\xampp\\htdocs...', true, Array)
#23 C:\xampp\htdocs\wp-includes\general-template.php(48): locate_template(Array, true, true, Array)
#24 C:\xampp\htdocs\wp-content\themes\flatsome\page-blank.php(5): get_header()
#25 C:\xampp\htdocs\wp-includes\template-loader.php(106): include('C:\\xampp\\htdocs...')
#26 C:\xampp\htdocs\wp-blog-header.php(19): require_once('C:\\xampp\\htdocs...')
#27 C:\xampp\htdocs\index.php(17): require('C:\\xampp\\htdocs...')
#28 {main}
  thrown in C:\xampp\htdocs\wp-content\plugins\woocommerce-mercadopago\includes\module\class-wc-woomercadopago-module.php on line 572

2021-07-15T07:30:09+00:00 CRITICAL Uncaught TypeError: method_exists(): Argument #1 ($object_or_class) must be of type object|string, array given in C:\xampp\htdocs\wp-content\plugins\woocommerce-mercadopago\includes\module\class-wc-woomercadopago-module.php:572
Stack trace:
#0 C:\xampp\htdocs\wp-content\plugins\woocommerce-mercadopago\includes\module\class-wc-woomercadopago-module.php(572): method_exists(Array, 'get_meta')
#1 C:\xampp\htdocs\wp-content\plugins\woocommerce-mercadopago\includes\payments\class-wc-woomercadopago-payment-abstract.php(1618): WC_WooMercadoPago_Module::is_subscription(Array)
#2 C:\xampp\htdocs\wp-content\plugins\woocommerce-mercadopago\includes\payments\class-wc-woomercadopago-basic-gateway.php(197): WC_WooMercadoPago_Payment_Abstract->is_available()
#3 C:\xampp\htdocs\wp-content\plugins\woocommerce\includes\class-wc-payment-gateways.php(154): WC_WooMercadoPago_Basic_Gateway->is_available()
#4 C:\xampp\htdocs\wp-content\plugins\woocommerce\includes\wc-template-functions.php(3770): WC_Payment_Gateways->get_available_payment_gateways()
#5 C:\xampp\htdocs\wp-includes\class-wp-hook.php(292): wc_get_pay_buttons('')
#6 C:\xampp\htdocs\wp-includes\class-wp-hook.php(316): WP_Hook->apply_filters('', Array)
#7 C:\xampp\htdocs\wp-includes\plugin.php(484): WP_Hook->do_action(Array)
#8 C:\xampp\htdocs\wp-content\plugins\woocommerce\templates\cart\cart-totals.php(107): do_action('woocommerce_pro...')
#9 C:\xampp\htdocs\wp-content\plugins\woocommerce\includes\wc-core-functions.php(345): include('C:\\xampp\\htdocs...')
#10 C:\xampp\htdocs\wp-content\plugins\woocommerce\includes\wc-template-functions.php(2065): wc_get_template('cart/cart-total...')
#11 C:\xampp\htdocs\wp-includes\class-wp-hook.php(292): woocommerce_cart_totals('')
#12 C:\xampp\htdocs\wp-includes\class-wp-hook.php(316): WP_Hook->apply_filters('', Array)
#13 C:\xampp\htdocs\wp-includes\plugin.php(484): WP_Hook->do_action(Array)
#14 C:\xampp\htdocs\wp-content\themes\flatsome\woocommerce\cart\cart.php(200): do_action('woocommerce_car...')
#15 C:\xampp\htdocs\wp-content\plugins\woocommerce\includes\wc-core-functions.php(345): include('C:\\xampp\\htdocs...')
#16 C:\xampp\htdocs\wp-content\plugins\woocommerce\includes\shortcodes\class-wc-shortcode-cart.php(99): wc_get_template('cart/cart.php')
#17 C:\xampp\htdocs\wp-content\plugins\woocommerce\includes\class-wc-shortcodes.php(72): WC_Shortcode_Cart::output(Array)
#18 C:\xampp\htdocs\wp-content\plugins\woocommerce\includes\class-wc-shortcodes.php(85): WC_Shortcodes::shortcode_wrapper(Array)
#19 C:\xampp\htdocs\wp-includes\shortcodes.php(343): WC_Shortcodes::cart('', '', 'woocommerce_car...')
#20 [internal function]: do_shortcode_tag(Array)
#21 C:\xampp\htdocs\wp-includes\shortcodes.php(218): preg_replace_callback('/\\[(\\[?)(woocom...', 'do_shortcode_ta...', '[woocommerce_ca...')
#22 C:\xampp\htdocs\wp-content\themes\flatsome\inc\helpers\helpers-shortcode.php(203): do_shortcode('[woocommerce_ca...')
#23 C:\xampp\htdocs\wp-includes\class-wp-hook.php(292): flatsome_contentfix('[woocommerce_ca...')
#24 C:\xampp\htdocs\wp-includes\plugin.php(212): WP_Hook->apply_filters('[woocommerce_ca...', Array)
#25 C:\xampp\htdocs\wp-includes\post-template.php(253): apply_filters('the_content', '<!-- wp:shortco...')
#26 C:\xampp\htdocs\wp-content\themes\flatsome\woocommerce\checkout\layouts\checkout.php(12): the_content()
#27 C:\xampp\htdocs\wp-includes\template.php(732): require('C:\\xampp\\htdocs...')
#28 C:\xampp\htdocs\wp-content\plugins\woocommerce\includes\wc-core-functions.php(284): load_template('C:\\xampp\\htdocs...', false)
#29 C:\xampp\htdocs\wp-content\themes\flatsome\page-cart.php(6): wc_get_template_part('checkout/layout...', false)
#30 C:\xampp\htdocs\wp-includes\template-loader.php(106): include('C:\\xampp\\htdocs...')
#31 C:\xampp\htdocs\wp-blog-header.php(19): require_once('C:\\xampp\\htdocs...')
#32 C:\xampp\htdocs\index.php(17): require('C:\\xampp\\htdocs...')
#33 {main}
  thrown in C:\xampp\htdocs\wp-content\plugins\woocommerce-mercadopago\includes\module\class-wc-woomercadopago-module.php on line 572

